<?xml version="1.0" encoding="UTF-8"?>
<!-- Generated by org.testng.reporters.JUnitReportReporter -->
<testsuite hostname="Bavithra" failures="0" tests="1" name="testcases.Login" time="4.394" errors="0" timestamp="2025-03-05T10:54:12 IST" skipped="0">
  <testcase classname="testcases.Login" name="runLogin" time="4.394"/>
  <system-out/>
</testsuite> <!-- testcases.Login -->
