<?xml version="1.0" encoding="UTF-8"?>
<!-- Generated by org.testng.reporters.JUnitReportReporter -->
<testsuite hostname="Bavithra" failures="0" tests="1" name="testcases.CreateKnowledgeBase" time="10.007" errors="0" timestamp="2025-03-25T10:26:15 IST" skipped="0">
  <testcase classname="testcases.CreateKnowledgeBase" name="createKnowledgeBase" time="10.007"/>
  <system-out/>
</testsuite> <!-- testcases.CreateKnowledgeBase -->
