<?xml version="1.0" encoding="UTF-8"?>
<!-- Generated by org.testng.reporters.JUnitReportReporter -->
<testsuite hostname="Bavithra" failures="0" tests="1" name="testcases.CreateManualSequence" time="8.679" errors="0" timestamp="2025-03-07T09:51:30 IST" skipped="0">
  <testcase classname="testcases.CreateManualSequence" name="createManualSequence" time="8.679"/>
  <system-out/>
</testsuite> <!-- testcases.CreateManualSequence -->
