<?xml version="1.0" encoding="UTF-8"?>
<!-- Generated by org.testng.reporters.JUnitReportReporter -->
<testsuite hostname="Bavithra" failures="0" tests="1" name="testcases.CreateKnowledgeBaseByAddingWebUrls" time="38.661" errors="0" timestamp="2025-03-25T11:31:13 IST" skipped="0">
  <testcase classname="testcases.CreateKnowledgeBaseByAddingWebUrls" name="createKnowledgeBase" time="38.661"/>
  <system-out/>
</testsuite> <!-- testcases.CreateKnowledgeBaseByAddingWebUrls -->
